app/build/outputs/logs/manifest-merger-release-report.txt
-- Merging decision tree log ---
manifest
ADDED from src\main\AndroidManifest.xml:2:1-71:12
INJECTED from src\main\AndroidManifest.xml:2:1-71:12
INJECTED from src\main\AndroidManifest.xml:2:1-71:12
INJECTED from src\main\AndroidManifest.xml:2:1-71:12
MERGED from [com.android.support:design:28.0.0] AndroidManifest.xml:17:1-24:12
MERGED from [com.tuyenmonkey:mkloader:1.4.0] AndroidManifest.xml:2:1-12:12
MERGED from [net.gotev:uploadservice:2.1] AndroidManifest.xml:2:1-23:12
MERGED from [com.applandeo:material-calendar-view:1.5.0] AndroidManifest.xml:2:1-17:12
MERGED from [com.andrognito.patternlockview:patternlockview:1.0.0] AndroidManifest.xml:2:1-12:12
MERGED from [com.facebook.android:facebook-android-sdk:4.39.0] AndroidManifest.xml:21:1-31:12
MERGED from [com.facebook.android:facebook-login:4.39.0] AndroidManifest.xml:21:1-31:12
MERGED from [com.facebook.android:facebook-share:4.39.0] AndroidManifest.xml:21:1-31:12
MERGED from [com.facebook.android:facebook-common:4.39.0] AndroidManifest.xml:21:1-37:12
MERGED from [com.android.support:appcompat-v7:28.0.0] AndroidManifest.xml:17:1-22:12
MERGED from [com.android.support.constraint:constraint-layout:1.1.3] AndroidManifest.xml:2:1-11:12
MERGED from [com.jakewharton:butterknife:8.8.1] AndroidManifest.xml:2:1-7:12
MERGED from [com.daimajia.slider:library:1.1.5] AndroidManifest.xml:2:1-14:12
MERGED from [com.jpardogo.materialtabstrip:library:1.1.1] AndroidManifest.xml:2:1-11:12
MERGED from [me.relex:circleindicator:1.2.2] AndroidManifest.xml:2:1-12:12
MERGED from [com.patrickpissurno:ripple-effect:1.3.1] AndroidManifest.xml:2:1-14:12
MERGED from [com.google.android.gms:play-services-analytics:10.2.4] AndroidManifest.xml:16:1-27:12
MERGED from [com.google.android.gms:play-services-auth:10.2.4] AndroidManifest.xml:16:1-26:12
MERGED from [de.hdodenhof:circleimageview:2.2.0] AndroidManifest.xml:2:1-11:12
MERGED from [com.google.android.gms:play-services-tagmanager-v4-impl:10.2.4] AndroidManifest.xml:16:1-20:12
MERGED from [com.google.android.gms:play-services-analytics-impl:10.2.4] AndroidManifest.xml:16:1-27:12
MERGED from [com.google.android.gms:play-services-auth-base:10.2.4] AndroidManifest.xml:2:1-5:12
MERGED from [com.google.android.gms:play-services-base:10.2.4] AndroidManifest.xml:16:1-21:12
MERGED from [com.google.android.gms:play-services-tasks:10.2.4] AndroidManifest.xml:2:1-5:12
MERGED from [com.google.android.gms:play-services-basement:10.2.4] AndroidManifest.xml:16:1-23:12
MERGED from [com.android.support:support-v4:27.0.2] AndroidManifest.xml:17:1-22:12
MERGED from [com.android.support:support-fragment:28.0.0] AndroidManifest.xml:17:1-22:12
MERGED from [com.android.support:animated-vector-drawable:28.0.0] AndroidManifest.xml:17:1-22:12
MERGED from [com.android.support:recyclerview-v7:28.0.0] AndroidManifest.xml:17:1-22:12
MERGED from [com.android.support:support-core-ui:28.0.0] AndroidManifest.xml:17:1-22:12
MERGED from [com.facebook.android:facebook-places:4.39.0] AndroidManifest.xml:21:1-31:12
MERGED from [com.facebook.android:facebook-applinks:4.39.0] AndroidManifest.xml:21:1-31:12
MERGED from [com.facebook.android:facebook-messenger:4.39.0] AndroidManifest.xml:21:1-31:12
MERGED from [com.facebook.android:facebook-marketing:4.39.0] AndroidManifest.xml:21:1-35:12
MERGED from [com.facebook.android:facebook-core:4.39.0] AndroidManifest.xml:21:1-53:12
MERGED from [com.android.support:support-core-utils:28.0.0] AndroidManifest.xml:17:1-22:12
MERGED from [com.android.support:support-vector-drawable:28.0.0] AndroidManifest.xml:17:1-22:12
MERGED from [com.android.support:transition:28.0.0] AndroidManifest.xml:17:1-22:12
MERGED from [com.android.support:loader:28.0.0] AndroidManifest.xml:17:1-22:12
MERGED from [com.android.support:viewpager:28.0.0] AndroidManifest.xml:17:1-22:12
MERGED from [com.android.support:coordinatorlayout:28.0.0] AndroidManifest.xml:17:1-22:12
MERGED from [com.android.support:drawerlayout:28.0.0] AndroidManifest.xml:17:1-22:12
MERGED from [com.android.support:slidingpanelayout:28.0.0] AndroidManifest.xml:17:1-22:12
MERGED from [com.android.support:customview:28.0.0] AndroidManifest.xml:17:1-22:12
MERGED from [com.android.support:swiperefreshlayout:28.0.0] AndroidManifest.xml:17:1-22:12
MERGED from [com.android.support:asynclayoutinflater:28.0.0] AndroidManifest.xml:17:1-22:12
MERGED from [com.android.support:customtabs:27.0.2] AndroidManifest.xml:17:1-22:12
MERGED from [com.android.support:support-media-compat:27.0.2] AndroidManifest.xml:17:1-22:12
MERGED from [com.android.support:support-compat:28.0.0] AndroidManifest.xml:17:1-24:12
MERGED from [com.android.support:versionedparcelable:28.0.0] AndroidManifest.xml:17:1-25:12
MERGED from [com.android.support:cursoradapter:28.0.0] AndroidManifest.xml:17:1-22:12
MERGED from [com.android.support:cardview-v7:28.0.0] AndroidManifest.xml:17:1-22:12
MERGED from [android.arch.lifecycle:runtime:1.1.1] AndroidManifest.xml:17:1-22:12
MERGED from [com.android.support:documentfile:28.0.0] AndroidManifest.xml:17:1-22:12
MERGED from [com.android.support:localbroadcastmanager:28.0.0] AndroidManifest.xml:17:1-22:12
MERGED from [com.android.support:print:28.0.0] AndroidManifest.xml:17:1-22:12
MERGED from [android.arch.lifecycle:viewmodel:1.1.1] AndroidManifest.xml:17:1-22:12
MERGED from [com.android.support:interpolator:28.0.0] AndroidManifest.xml:17:1-22:12
MERGED from [android.arch.lifecycle:livedata:1.1.1] AndroidManifest.xml:17:1-22:12
MERGED from [android.arch.lifecycle:livedata-core:1.1.1] AndroidManifest.xml:17:1-22:12
MERGED from [android.arch.core:runtime:1.1.1] AndroidManifest.xml:17:1-22:12
INJECTED from src\main\AndroidManifest.xml:2:1-71:12
INJECTED from src\main\AndroidManifest.xml:2:1-71:12
INJECTED from src\main\AndroidManifest.xml:2:1-71:12
	package
		ADDED from src\main\AndroidManifest.xml:3:5-29
		INJECTED from src\main\AndroidManifest.xml
		INJECTED from src\main\AndroidManifest.xml
	android:versionName
		INJECTED from src\main\AndroidManifest.xml
		ADDED from src\main\AndroidManifest.xml:2:1-71:12
		INJECTED from src\main\AndroidManifest.xml
	android:versionCode
		INJECTED from src\main\AndroidManifest.xml
		ADDED from src\main\AndroidManifest.xml:2:1-71:12
		INJECTED from src\main\AndroidManifest.xml
	xmlns:android
		ADDED from src\main\AndroidManifest.xml:2:11-69
uses-permission#android.permission.INTERNET
ADDED from src\main\AndroidManifest.xml:6:5-67
MERGED from [net.gotev:uploadservice:2.1] AndroidManifest.xml:11:5-67
MERGED from [net.gotev:uploadservice:2.1] AndroidManifest.xml:11:5-67
MERGED from [com.daimajia.slider:library:1.1.5] AndroidManifest.xml:11:5-67
MERGED from [com.daimajia.slider:library:1.1.5] AndroidManifest.xml:11:5-67
MERGED from [com.google.android.gms:play-services-analytics:10.2.4] AndroidManifest.xml:20:5-66
MERGED from [com.google.android.gms:play-services-analytics:10.2.4] AndroidManifest.xml:20:5-66
MERGED from [com.google.android.gms:play-services-analytics-impl:10.2.4] AndroidManifest.xml:20:5-66
MERGED from [com.google.android.gms:play-services-analytics-impl:10.2.4] AndroidManifest.xml:20:5-66
	android:name
		ADDED from src\main\AndroidManifest.xml:6:22-64
uses-permission#android.permission.ACCESS_NETWORK_STATE
ADDED from src\main\AndroidManifest.xml:7:5-79
MERGED from [com.google.android.gms:play-services-analytics:10.2.4] AndroidManifest.xml:21:5-78
MERGED from [com.google.android.gms:play-services-analytics:10.2.4] AndroidManifest.xml:21:5-78
MERGED from [com.google.android.gms:play-services-analytics-impl:10.2.4] AndroidManifest.xml:21:5-78
MERGED from [com.google.android.gms:play-services-analytics-impl:10.2.4] AndroidManifest.xml:21:5-78
	android:name
		ADDED from src\main\AndroidManifest.xml:7:22-76
uses-permission#android.permission.READ_EXTERNAL_STORAGE
ADDED from src\main\AndroidManifest.xml:8:5-80
	android:name
		ADDED from src\main\AndroidManifest.xml:8:22-77
uses-permission#android.permission.WRITE_EXTERNAL_STORAGE
ADDED from src\main\AndroidManifest.xml:9:5-81
MERGED from [net.gotev:uploadservice:2.1] AndroidManifest.xml:12:5-81
MERGED from [net.gotev:uploadservice:2.1] AndroidManifest.xml:12:5-81
MERGED from [com.daimajia.slider:library:1.1.5] AndroidManifest.xml:12:5-81
MERGED from [com.daimajia.slider:library:1.1.5] AndroidManifest.xml:12:5-81
	android:name
		ADDED from src\main\AndroidManifest.xml:9:22-78
uses-permission#android.permission.WAKE_LOCK
ADDED from src\main\AndroidManifest.xml:10:5-68
MERGED from [net.gotev:uploadservice:2.1] AndroidManifest.xml:13:5-68
MERGED from [net.gotev:uploadservice:2.1] AndroidManifest.xml:13:5-68
MERGED from [com.google.android.gms:play-services-analytics:10.2.4] AndroidManifest.xml:24:5-67
MERGED from [com.google.android.gms:play-services-analytics:10.2.4] AndroidManifest.xml:24:5-67
MERGED from [com.google.android.gms:play-services-analytics-impl:10.2.4] AndroidManifest.xml:24:5-67
MERGED from [com.google.android.gms:play-services-analytics-impl:10.2.4] AndroidManifest.xml:24:5-67
	android:name
		ADDED from src\main\AndroidManifest.xml:10:22-65
uses-permission#android.permission.WRITE_CALENDAR
ADDED from src\main\AndroidManifest.xml:11:5-72
	android:name
		ADDED from src\main\AndroidManifest.xml:11:22-70
uses-permission#android.permission.READ_CALENDAR
ADDED from src\main\AndroidManifest.xml:12:5-71
	android:name
		ADDED from src\main\AndroidManifest.xml:12:22-69
application
ADDED from src\main\AndroidManifest.xml:14:5-69:19
MERGED from [com.android.support:design:28.0.0] AndroidManifest.xml:22:5-20
MERGED from [com.android.support:design:28.0.0] AndroidManifest.xml:22:5-20
MERGED from [net.gotev:uploadservice:2.1] AndroidManifest.xml:15:5-21:19
MERGED from [net.gotev:uploadservice:2.1] AndroidManifest.xml:15:5-21:19
MERGED from [com.applandeo:material-calendar-view:1.5.0] AndroidManifest.xml:11:5-15:19
MERGED from [com.applandeo:material-calendar-view:1.5.0] AndroidManifest.xml:11:5-15:19
MERGED from [com.facebook.android:facebook-android-sdk:4.39.0] AndroidManifest.xml:28:5-29:19
MERGED from [com.facebook.android:facebook-android-sdk:4.39.0] AndroidManifest.xml:28:5-29:19
MERGED from [com.facebook.android:facebook-login:4.39.0] AndroidManifest.xml:28:5-29:19
MERGED from [com.facebook.android:facebook-login:4.39.0] AndroidManifest.xml:28:5-29:19
MERGED from [com.facebook.android:facebook-share:4.39.0] AndroidManifest.xml:28:5-29:19
MERGED from [com.facebook.android:facebook-share:4.39.0] AndroidManifest.xml:28:5-29:19
MERGED from [com.facebook.android:facebook-common:4.39.0] AndroidManifest.xml:28:5-35:19
MERGED from [com.facebook.android:facebook-common:4.39.0] AndroidManifest.xml:28:5-35:19
MERGED from [com.android.support.constraint:constraint-layout:1.1.3] AndroidManifest.xml:9:5-20
MERGED from [com.android.support.constraint:constraint-layout:1.1.3] AndroidManifest.xml:9:5-20
MERGED from [com.jpardogo.materialtabstrip:library:1.1.1] AndroidManifest.xml:9:5-20
MERGED from [com.jpardogo.materialtabstrip:library:1.1.1] AndroidManifest.xml:9:5-20
MERGED from [com.patrickpissurno:ripple-effect:1.3.1] AndroidManifest.xml:12:5-20
MERGED from [com.patrickpissurno:ripple-effect:1.3.1] AndroidManifest.xml:12:5-20
MERGED from [com.google.android.gms:play-services-analytics:10.2.4] AndroidManifest.xml:26:5-19
MERGED from [com.google.android.gms:play-services-analytics:10.2.4] AndroidManifest.xml:26:5-19
MERGED from [com.google.android.gms:play-services-auth:10.2.4] AndroidManifest.xml:19:5-25:19
MERGED from [com.google.android.gms:play-services-auth:10.2.4] AndroidManifest.xml:19:5-25:19
MERGED from [de.hdodenhof:circleimageview:2.2.0] AndroidManifest.xml:9:5-20
MERGED from [de.hdodenhof:circleimageview:2.2.0] AndroidManifest.xml:9:5-20
MERGED from [com.google.android.gms:play-services-tagmanager-v4-impl:10.2.4] AndroidManifest.xml:19:5-19
MERGED from [com.google.android.gms:play-services-tagmanager-v4-impl:10.2.4] AndroidManifest.xml:19:5-19
MERGED from [com.google.android.gms:play-services-analytics-impl:10.2.4] AndroidManifest.xml:26:5-19
MERGED from [com.google.android.gms:play-services-analytics-impl:10.2.4] AndroidManifest.xml:26:5-19
MERGED from [com.google.android.gms:play-services-base:10.2.4] AndroidManifest.xml:18:5-20:19
MERGED from [com.google.android.gms:play-services-base:10.2.4] AndroidManifest.xml:18:5-20:19
MERGED from [com.google.android.gms:play-services-tasks:10.2.4] AndroidManifest.xml:4:5-19
MERGED from [com.google.android.gms:play-services-tasks:10.2.4] AndroidManifest.xml:4:5-19
MERGED from [com.google.android.gms:play-services-basement:10.2.4] AndroidManifest.xml:19:5-21:19
MERGED from [com.google.android.gms:play-services-basement:10.2.4] AndroidManifest.xml:19:5-21:19
MERGED from [com.facebook.android:facebook-places:4.39.0] AndroidManifest.xml:28:5-29:19
MERGED from [com.facebook.android:facebook-places:4.39.0] AndroidManifest.xml:28:5-29:19
MERGED from [com.facebook.android:facebook-applinks:4.39.0] AndroidManifest.xml:28:5-29:19
MERGED from [com.facebook.android:facebook-applinks:4.39.0] AndroidManifest.xml:28:5-29:19
MERGED from [com.facebook.android:facebook-messenger:4.39.0] AndroidManifest.xml:28:5-29:19
MERGED from [com.facebook.android:facebook-messenger:4.39.0] AndroidManifest.xml:28:5-29:19
MERGED from [com.facebook.android:facebook-marketing:4.39.0] AndroidManifest.xml:28:5-33:19
MERGED from [com.facebook.android:facebook-marketing:4.39.0] AndroidManifest.xml:28:5-33:19
MERGED from [com.facebook.android:facebook-core:4.39.0] AndroidManifest.xml:28:5-51:19
MERGED from [com.facebook.android:facebook-core:4.39.0] AndroidManifest.xml:28:5-51:19
MERGED from [com.android.support:support-compat:28.0.0] AndroidManifest.xml:22:5-94
MERGED from [com.android.support:support-compat:28.0.0] AndroidManifest.xml:22:5-94
MERGED from [com.android.support:versionedparcelable:28.0.0] AndroidManifest.xml:22:5-23:19
MERGED from [com.android.support:versionedparcelable:28.0.0] AndroidManifest.xml:22:5-23:19
	android:appComponentFactory
		ADDED from [com.android.support:support-compat:28.0.0] AndroidManifest.xml:22:18-91
	android:supportsRtl
		ADDED from [com.applandeo:material-calendar-view:1.5.0] AndroidManifest.xml:14:9-35
	android:label
		ADDED from src\main\AndroidManifest.xml:17:9-41
	android:largeHeap
		ADDED from src\main\AndroidManifest.xml:19:9-33
	android:icon
		ADDED from src\main\AndroidManifest.xml:16:9-36
	android:allowBackup
		ADDED from src\main\AndroidManifest.xml:15:9-35
	android:theme
		ADDED from src\main\AndroidManifest.xml:18:9-40
	android:name
		ADDED from src\main\AndroidManifest.xml:14:18-54
meta-data#com.google.android.gms.version
ADDED from src\main\AndroidManifest.xml:20:9-22:68
MERGED from [com.google.android.gms:play-services-basement:10.2.4] AndroidManifest.xml:20:9-121
MERGED from [com.google.android.gms:play-services-basement:10.2.4] AndroidManifest.xml:20:9-121
	android:value
		ADDED from src\main\AndroidManifest.xml:22:13-66
	android:name
		ADDED from src\main\AndroidManifest.xml:21:13-58
activity#com.rebook.nma.ui.MainActivity
ADDED from src\main\AndroidManifest.xml:24:9-32:20
	android:screenOrientation
		ADDED from src\main\AndroidManifest.xml:27:13-49
	android:label
		ADDED from src\main\AndroidManifest.xml:26:13-45
	android:name
		ADDED from src\main\AndroidManifest.xml:25:13-44
intent-filter#action:name:android.intent.action.MAIN+category:name:android.intent.category.LAUNCHER
ADDED from src\main\AndroidManifest.xml:28:13-31:29
action#android.intent.action.MAIN
ADDED from src\main\AndroidManifest.xml:29:17-69
	android:name
		ADDED from src\main\AndroidManifest.xml:29:25-66
category#android.intent.category.LAUNCHER
ADDED from src\main\AndroidManifest.xml:30:17-77
	android:name
		ADDED from src\main\AndroidManifest.xml:30:27-74
activity#com.rebook.nma.ui.NotificationDetailActivity
ADDED from src\main\AndroidManifest.xml:34:9-66
	android:name
		ADDED from src\main\AndroidManifest.xml:34:19-64
activity#com.rebook.nma.ui.RegisterActivity
ADDED from src\main\AndroidManifest.xml:35:9-56
	android:name
		ADDED from src\main\AndroidManifest.xml:35:19-54
activity#com.rebook.nma.ui.CourseDetailActivity
ADDED from src\main\AndroidManifest.xml:36:9-60
	android:name
		ADDED from src\main\AndroidManifest.xml:36:19-58
activity#com.rebook.nma.ui.AboutUsActivity
ADDED from src\main\AndroidManifest.xml:37:9-55
	android:name
		ADDED from src\main\AndroidManifest.xml:37:19-53
activity#com.rebook.nma.ui.ItemListActivity
ADDED from src\main\AndroidManifest.xml:38:9-56
	android:name
		ADDED from src\main\AndroidManifest.xml:38:19-54
activity#com.rebook.nma.ui.EventDetailActivity
ADDED from src\main\AndroidManifest.xml:39:9-59
	android:name
		ADDED from src\main\AndroidManifest.xml:39:19-57
activity#com.rebook.nma.ui.JobDetailActivity
ADDED from src\main\AndroidManifest.xml:40:9-57
	android:name
		ADDED from src\main\AndroidManifest.xml:40:19-55
activity#com.rebook.nma.ui.CurrentCourseActivity
ADDED from src\main\AndroidManifest.xml:41:9-61
	android:name
		ADDED from src\main\AndroidManifest.xml:41:19-59
activity#com.rebook.nma.ui.AnnouncementActivity
ADDED from src\main\AndroidManifest.xml:42:9-60
	android:name
		ADDED from src\main\AndroidManifest.xml:42:19-58
activity#com.rebook.nma.ui.AssignmentActivity
ADDED from src\main\AndroidManifest.xml:43:9-58
	android:name
		ADDED from src\main\AndroidManifest.xml:43:19-56
activity#com.rebook.nma.ui.AssignmentUploadActivity
ADDED from src\main\AndroidManifest.xml:44:9-64
	android:name
		ADDED from src\main\AndroidManifest.xml:44:19-62
activity#com.rebook.nma.ui.AnnouncementDetailActivity
ADDED from src\main\AndroidManifest.xml:45:9-66
	android:name
		ADDED from src\main\AndroidManifest.xml:45:19-64
activity#com.rebook.nma.ui.MarkActivity
ADDED from src\main\AndroidManifest.xml:46:9-52
	android:name
		ADDED from src\main\AndroidManifest.xml:46:19-50
activity#com.rebook.nma.ui.MarkDetailActivity
ADDED from src\main\AndroidManifest.xml:47:9-58
	android:name
		ADDED from src\main\AndroidManifest.xml:47:19-56
activity#com.rebook.nma.ui.AttendanceActivity
ADDED from src\main\AndroidManifest.xml:48:9-58
	android:name
		ADDED from src\main\AndroidManifest.xml:48:19-56
activity#com.rebook.nma.ui.AttendanceDetail
ADDED from src\main\AndroidManifest.xml:49:9-56
	android:name
		ADDED from src\main\AndroidManifest.xml:49:19-54
activity#com.rebook.nma.ui.SearchActivity
ADDED from src\main\AndroidManifest.xml:51:9-54
	android:name
		ADDED from src\main\AndroidManifest.xml:51:19-52
activity#com.rebook.nma.ui.SlideActivity
ADDED from src\main\AndroidManifest.xml:52:9-53
	android:name
		ADDED from src\main\AndroidManifest.xml:52:19-51
meta-data#com.facebook.sdk.ApplicationId
ADDED from src\main\AndroidManifest.xml:59:9-61:54
	android:value
		ADDED from src\main\AndroidManifest.xml:61:13-52
	android:name
		ADDED from src\main\AndroidManifest.xml:60:13-58
meta-data#io.fabric.ApiKey
ADDED from src\main\AndroidManifest.xml:63:9-65:72
	android:value
		ADDED from src\main\AndroidManifest.xml:65:13-69
	android:name
		ADDED from src\main\AndroidManifest.xml:64:13-44
meta-data#com.google.android.geo.API_KEY
ADDED from src\main\AndroidManifest.xml:67:9-68:70
	android:value
		ADDED from src\main\AndroidManifest.xml:68:13-68
	android:name
		ADDED from src\main\AndroidManifest.xml:67:20-65
uses-sdk
INJECTED from src\main\AndroidManifest.xml reason: use-sdk injection requested
INJECTED from src\main\AndroidManifest.xml
INJECTED from src\main\AndroidManifest.xml
MERGED from [com.android.support:design:28.0.0] AndroidManifest.xml:20:5-44
MERGED from [com.android.support:design:28.0.0] AndroidManifest.xml:20:5-44
MERGED from [com.tuyenmonkey:mkloader:1.4.0] AndroidManifest.xml:8:5-10:41
MERGED from [com.tuyenmonkey:mkloader:1.4.0] AndroidManifest.xml:8:5-10:41
MERGED from [net.gotev:uploadservice:2.1] AndroidManifest.xml:7:5-9:41
MERGED from [net.gotev:uploadservice:2.1] AndroidManifest.xml:7:5-9:41
MERGED from [com.applandeo:material-calendar-view:1.5.0] AndroidManifest.xml:7:5-9:41
MERGED from [com.applandeo:material-calendar-view:1.5.0] AndroidManifest.xml:7:5-9:41
MERGED from [com.andrognito.patternlockview:patternlockview:1.0.0] AndroidManifest.xml:8:5-10:41
MERGED from [com.andrognito.patternlockview:patternlockview:1.0.0] AndroidManifest.xml:8:5-10:41
MERGED from [com.facebook.android:facebook-android-sdk:4.39.0] AndroidManifest.xml:24:5-26:41
MERGED from [com.facebook.android:facebook-android-sdk:4.39.0] AndroidManifest.xml:24:5-26:41
MERGED from [com.facebook.android:facebook-login:4.39.0] AndroidManifest.xml:24:5-26:41
MERGED from [com.facebook.android:facebook-login:4.39.0] AndroidManifest.xml:24:5-26:41
MERGED from [com.facebook.android:facebook-share:4.39.0] AndroidManifest.xml:24:5-26:41
MERGED from [com.facebook.android:facebook-share:4.39.0] AndroidManifest.xml:24:5-26:41
MERGED from [com.facebook.android:facebook-common:4.39.0] AndroidManifest.xml:24:5-26:41
MERGED from [com.facebook.android:facebook-common:4.39.0] AndroidManifest.xml:24:5-26:41
MERGED from [com.android.support:appcompat-v7:28.0.0] AndroidManifest.xml:20:5-44
MERGED from [com.android.support:appcompat-v7:28.0.0] AndroidManifest.xml:20:5-44
MERGED from [com.android.support.constraint:constraint-layout:1.1.3] AndroidManifest.xml:5:5-7:41
MERGED from [com.android.support.constraint:constraint-layout:1.1.3] AndroidManifest.xml:5:5-7:41
MERGED from [com.jakewharton:butterknife:8.8.1] AndroidManifest.xml:5:5-43
MERGED from [com.jakewharton:butterknife:8.8.1] AndroidManifest.xml:5:5-43
MERGED from [com.daimajia.slider:library:1.1.5] AndroidManifest.xml:7:5-9:41
MERGED from [com.daimajia.slider:library:1.1.5] AndroidManifest.xml:7:5-9:41
MERGED from [com.jpardogo.materialtabstrip:library:1.1.1] AndroidManifest.xml:5:5-7:41
MERGED from [com.jpardogo.materialtabstrip:library:1.1.1] AndroidManifest.xml:5:5-7:41
MERGED from [me.relex:circleindicator:1.2.2] AndroidManifest.xml:8:5-10:41
MERGED from [me.relex:circleindicator:1.2.2] AndroidManifest.xml:8:5-10:41
MERGED from [com.patrickpissurno:ripple-effect:1.3.1] AndroidManifest.xml:8:5-10:41
MERGED from [com.patrickpissurno:ripple-effect:1.3.1] AndroidManifest.xml:8:5-10:41
MERGED from [com.google.android.gms:play-services-analytics:10.2.4] AndroidManifest.xml:17:5-43
MERGED from [com.google.android.gms:play-services-analytics:10.2.4] AndroidManifest.xml:17:5-43
MERGED from [com.google.android.gms:play-services-auth:10.2.4] AndroidManifest.xml:17:5-43
MERGED from [com.google.android.gms:play-services-auth:10.2.4] AndroidManifest.xml:17:5-43
MERGED from [de.hdodenhof:circleimageview:2.2.0] AndroidManifest.xml:5:5-7:41
MERGED from [de.hdodenhof:circleimageview:2.2.0] AndroidManifest.xml:5:5-7:41
MERGED from [com.google.android.gms:play-services-tagmanager-v4-impl:10.2.4] AndroidManifest.xml:17:5-43
MERGED from [com.google.android.gms:play-services-tagmanager-v4-impl:10.2.4] AndroidManifest.xml:17:5-43
MERGED from [com.google.android.gms:play-services-analytics-impl:10.2.4] AndroidManifest.xml:17:5-43
MERGED from [com.google.android.gms:play-services-analytics-impl:10.2.4] AndroidManifest.xml:17:5-43
MERGED from [com.google.android.gms:play-services-auth-base:10.2.4] AndroidManifest.xml:4:5-43
MERGED from [com.google.android.gms:play-services-auth-base:10.2.4] AndroidManifest.xml:4:5-43
MERGED from [com.google.android.gms:play-services-base:10.2.4] AndroidManifest.xml:17:5-43
MERGED from [com.google.android.gms:play-services-base:10.2.4] AndroidManifest.xml:17:5-43
MERGED from [com.google.android.gms:play-services-tasks:10.2.4] AndroidManifest.xml:3:5-43
MERGED from [com.google.android.gms:play-services-tasks:10.2.4] AndroidManifest.xml:3:5-43
MERGED from [com.google.android.gms:play-services-basement:10.2.4] AndroidManifest.xml:17:5-43
MERGED from [com.google.android.gms:play-services-basement:10.2.4] AndroidManifest.xml:17:5-43
MERGED from [com.android.support:support-v4:27.0.2] AndroidManifest.xml:20:5-44
MERGED from [com.android.support:support-v4:27.0.2] AndroidManifest.xml:20:5-44
MERGED from [com.android.support:support-fragment:28.0.0] AndroidManifest.xml:20:5-44
MERGED from [com.android.support:support-fragment:28.0.0] AndroidManifest.xml:20:5-44
MERGED from [com.android.support:animated-vector-drawable:28.0.0] AndroidManifest.xml:20:5-44
MERGED from [com.android.support:animated-vector-drawable:28.0.0] AndroidManifest.xml:20:5-44
MERGED from [com.android.support:recyclerview-v7:28.0.0] AndroidManifest.xml:20:5-44
MERGED from [com.android.support:recyclerview-v7:28.0.0] AndroidManifest.xml:20:5-44
MERGED from [com.android.support:support-core-ui:28.0.0] AndroidManifest.xml:20:5-44
MERGED from [com.android.support:support-core-ui:28.0.0] AndroidManifest.xml:20:5-44
MERGED from [com.facebook.android:facebook-places:4.39.0] AndroidManifest.xml:24:5-26:41
MERGED from [com.facebook.android:facebook-places:4.39.0] AndroidManifest.xml:24:5-26:41
MERGED from [com.facebook.android:facebook-applinks:4.39.0] AndroidManifest.xml:24:5-26:41
MERGED from [com.facebook.android:facebook-applinks:4.39.0] AndroidManifest.xml:24:5-26:41
MERGED from [com.facebook.android:facebook-messenger:4.39.0] AndroidManifest.xml:24:5-26:41
MERGED from [com.facebook.android:facebook-messenger:4.39.0] AndroidManifest.xml:24:5-26:41
MERGED from [com.facebook.android:facebook-marketing:4.39.0] AndroidManifest.xml:24:5-26:41
MERGED from [com.facebook.android:facebook-marketing:4.39.0] AndroidManifest.xml:24:5-26:41
MERGED from [com.facebook.android:facebook-core:4.39.0] AndroidManifest.xml:24:5-26:41
MERGED from [com.facebook.android:facebook-core:4.39.0] AndroidManifest.xml:24:5-26:41
MERGED from [com.android.support:support-core-utils:28.0.0] AndroidManifest.xml:20:5-44
MERGED from [com.android.support:support-core-utils:28.0.0] AndroidManifest.xml:20:5-44
MERGED from [com.android.support:support-vector-drawable:28.0.0] AndroidManifest.xml:20:5-44
MERGED from [com.android.support:support-vector-drawable:28.0.0] AndroidManifest.xml:20:5-44
MERGED from [com.android.support:transition:28.0.0] AndroidManifest.xml:20:5-44
MERGED from [com.android.support:transition:28.0.0] AndroidManifest.xml:20:5-44
MERGED from [com.android.support:loader:28.0.0] AndroidManifest.xml:20:5-44
MERGED from [com.android.support:loader:28.0.0] AndroidManifest.xml:20:5-44
MERGED from [com.android.support:viewpager:28.0.0] AndroidManifest.xml:20:5-44
MERGED from [com.android.support:viewpager:28.0.0] AndroidManifest.xml:20:5-44
MERGED from [com.android.support:coordinatorlayout:28.0.0] AndroidManifest.xml:20:5-44
MERGED from [com.android.support:coordinatorlayout:28.0.0] AndroidManifest.xml:20:5-44
MERGED from [com.android.support:drawerlayout:28.0.0] AndroidManifest.xml:20:5-44
MERGED from [com.android.support:drawerlayout:28.0.0] AndroidManifest.xml:20:5-44
MERGED from [com.android.support:slidingpanelayout:28.0.0] AndroidManifest.xml:20:5-44
MERGED from [com.android.support:slidingpanelayout:28.0.0] AndroidManifest.xml:20:5-44
MERGED from [com.android.support:customview:28.0.0] AndroidManifest.xml:20:5-44
MERGED from [com.android.support:customview:28.0.0] AndroidManifest.xml:20:5-44
MERGED from [com.android.support:swiperefreshlayout:28.0.0] AndroidManifest.xml:20:5-44
MERGED from [com.android.support:swiperefreshlayout:28.0.0] AndroidManifest.xml:20:5-44
MERGED from [com.android.support:asynclayoutinflater:28.0.0] AndroidManifest.xml:20:5-44
MERGED from [com.android.support:asynclayoutinflater:28.0.0] AndroidManifest.xml:20:5-44
MERGED from [com.android.support:customtabs:27.0.2] AndroidManifest.xml:20:5-44
MERGED from [com.android.support:customtabs:27.0.2] AndroidManifest.xml:20:5-44
MERGED from [com.android.support:support-media-compat:27.0.2] AndroidManifest.xml:20:5-44
MERGED from [com.android.support:support-media-compat:27.0.2] AndroidManifest.xml:20:5-44
MERGED from [com.android.support:support-compat:28.0.0] AndroidManifest.xml:20:5-44
MERGED from [com.android.support:support-compat:28.0.0] AndroidManifest.xml:20:5-44
MERGED from [com.android.support:versionedparcelable:28.0.0] AndroidManifest.xml:20:5-44
MERGED from [com.android.support:versionedparcelable:28.0.0] AndroidManifest.xml:20:5-44
MERGED from [com.android.support:cursoradapter:28.0.0] AndroidManifest.xml:20:5-44
MERGED from [com.android.support:cursoradapter:28.0.0] AndroidManifest.xml:20:5-44
MERGED from [com.android.support:cardview-v7:28.0.0] AndroidManifest.xml:20:5-44
MERGED from [com.android.support:cardview-v7:28.0.0] AndroidManifest.xml:20:5-44
MERGED from [android.arch.lifecycle:runtime:1.1.1] AndroidManifest.xml:20:5-44
MERGED from [android.arch.lifecycle:runtime:1.1.1] AndroidManifest.xml:20:5-44
MERGED from [com.android.support:documentfile:28.0.0] AndroidManifest.xml:20:5-44
MERGED from [com.android.support:documentfile:28.0.0] AndroidManifest.xml:20:5-44
MERGED from [com.android.support:localbroadcastmanager:28.0.0] AndroidManifest.xml:20:5-44
MERGED from [com.android.support:localbroadcastmanager:28.0.0] AndroidManifest.xml:20:5-44
MERGED from [com.android.support:print:28.0.0] AndroidManifest.xml:20:5-44
MERGED from [com.android.support:print:28.0.0] AndroidManifest.xml:20:5-44
MERGED from [android.arch.lifecycle:viewmodel:1.1.1] AndroidManifest.xml:20:5-44
MERGED from [android.arch.lifecycle:viewmodel:1.1.1] AndroidManifest.xml:20:5-44
MERGED from [com.android.support:interpolator:28.0.0] AndroidManifest.xml:20:5-44
MERGED from [com.android.support:interpolator:28.0.0] AndroidManifest.xml:20:5-44
MERGED from [android.arch.lifecycle:livedata:1.1.1] AndroidManifest.xml:20:5-44
MERGED from [android.arch.lifecycle:livedata:1.1.1] AndroidManifest.xml:20:5-44
MERGED from [android.arch.lifecycle:livedata-core:1.1.1] AndroidManifest.xml:20:5-44
MERGED from [android.arch.lifecycle:livedata-core:1.1.1] AndroidManifest.xml:20:5-44
MERGED from [android.arch.core:runtime:1.1.1] AndroidManifest.xml:20:5-44
MERGED from [android.arch.core:runtime:1.1.1] AndroidManifest.xml:20:5-44
INJECTED from src\main\AndroidManifest.xml
INJECTED from src\main\AndroidManifest.xml
	android:targetSdkVersion